<?xml version="1.0" encoding="UTF-8"?>
<!-- Generated by org.testng.reporters.JUnitReportReporter -->
<testsuite hostname="LAPTOP-7S7K48R8" name="org.web.automation.testcases.TC_008_Facebook_Login" tests="1" failures="0" timestamp="15 May 2020 16:22:34 GMT" time="11.405" errors="0">
  <testcase name="tc001" time="11.405" classname="org.web.automation.testcases.TC_008_Facebook_Login"/>
</testsuite> <!-- org.web.automation.testcases.TC_008_Facebook_Login -->
