<?xml version="1.0" encoding="UTF-8"?>
<!-- Generated by org.testng.reporters.JUnitReportReporter -->
<testsuite hostname="LAPTOP-7S7K48R8" name="org.web.automation.testcases.TC_004_Registration_Button_Link" tests="1" failures="0" timestamp="11 May 2020 17:48:26 GMT" time="8.928" errors="0">
  <testcase name="tc001" time="8.928" classname="org.web.automation.testcases.TC_004_Registration_Button_Link"/>
</testsuite> <!-- org.web.automation.testcases.TC_004_Registration_Button_Link -->
