<?xml version="1.0" encoding="UTF-8"?>
<!-- Generated by org.testng.reporters.JUnitReportReporter -->
<testsuite hostname="LAPTOP-7S7K48R8" name="org.web.automation.testcases.TC_003_Registration_TextBoxes" tests="1" failures="0" timestamp="11 May 2020 17:33:42 GMT" time="10.596" errors="0">
  <testcase name="tc001" time="10.596" classname="org.web.automation.testcases.TC_003_Registration_TextBoxes"/>
</testsuite> <!-- org.web.automation.testcases.TC_003_Registration_TextBoxes -->
