<?xml version="1.0" encoding="UTF-8"?>
<!-- Generated by org.testng.reporters.JUnitReportReporter -->
<testsuite hostname="LAPTOP-7S7K48R8" name="org.web.automation.testcases.TC_008_Keyboard_Mouse" tests="1" failures="0" timestamp="13 May 2020 13:31:23 GMT" time="19.374" errors="0">
  <testcase name="tc001" time="19.374" classname="org.web.automation.testcases.TC_008_Keyboard_Mouse"/>
</testsuite> <!-- org.web.automation.testcases.TC_008_Keyboard_Mouse -->
