<?xml version="1.0" encoding="UTF-8"?>
<!-- Generated by org.testng.reporters.JUnitReportReporter -->
<testsuite hostname="LAPTOP-7S7K48R8" name="org.web.automation.testcases.TC_009_Facebook_Login_Keyboard_Multiple" tests="1" failures="0" timestamp="15 May 2020 16:52:08 GMT" time="10.678" errors="0">
  <testcase name="tc001" time="10.678" classname="org.web.automation.testcases.TC_009_Facebook_Login_Keyboard_Multiple"/>
</testsuite> <!-- org.web.automation.testcases.TC_009_Facebook_Login_Keyboard_Multiple -->
