<?xml version="1.0" encoding="UTF-8"?>
<!-- Generated by org.testng.reporters.JUnitReportReporter -->
<testsuite hostname="LAPTOP-7S7K48R8" name="org.web.automation.testcases.TC_011_Mouse_Move_ToElement" tests="1" failures="0" timestamp="16 May 2020 09:39:16 GMT" time="15.551" errors="0">
  <testcase name="tc001" time="15.551" classname="org.web.automation.testcases.TC_011_Mouse_Move_ToElement"/>
</testsuite> <!-- org.web.automation.testcases.TC_011_Mouse_Move_ToElement -->
