<?xml version="1.0" encoding="UTF-8"?>
<!-- Generated by org.testng.reporters.JUnitReportReporter -->
<testsuite hostname="LAPTOP-7S7K48R8" name="org.web.automation.testcases.TC_001_Registration_Functionality" tests="1" failures="0" timestamp="16 May 2020 18:37:45 GMT" time="14.349" errors="0">
  <testcase name="tc001" time="14.349" classname="org.web.automation.testcases.TC_001_Registration_Functionality"/>
</testsuite> <!-- org.web.automation.testcases.TC_001_Registration_Functionality -->
