<?xml version="1.0" encoding="UTF-8"?>
<!-- Generated by org.testng.reporters.JUnitReportReporter -->
<testsuite hostname="LAPTOP-7S7K48R8" name="org.web.automation.testcases.TC_002_Registration_Functionality_Firefox" tests="1" failures="0" timestamp="11 May 2020 17:41:16 GMT" time="12.650" errors="0">
  <testcase name="tc001" time="12.650" classname="org.web.automation.testcases.TC_002_Registration_Functionality_Firefox"/>
</testsuite> <!-- org.web.automation.testcases.TC_002_Registration_Functionality_Firefox -->
