<?xml version="1.0" encoding="UTF-8"?>
<!-- Generated by org.testng.reporters.JUnitReportReporter -->
<testsuite hostname="LAPTOP-7S7K48R8" name="org.web.automation.testcases.TC_005_Registration_Radio_Checkbox" tests="1" failures="0" timestamp="12 May 2020 16:09:45 GMT" time="9.385" errors="0">
  <testcase name="tc001" time="9.385" classname="org.web.automation.testcases.TC_005_Registration_Radio_Checkbox"/>
</testsuite> <!-- org.web.automation.testcases.TC_005_Registration_Radio_Checkbox -->
