<?xml version="1.0" encoding="UTF-8"?>
<!-- Generated by org.testng.reporters.JUnitReportReporter -->
<testsuite hostname="LAPTOP-7S7K48R8" name="org.web.automation.testcases.TC_007_Registration_FetchData_FromBrowser" tests="1" failures="0" timestamp="12 May 2020 17:34:34 GMT" time="11.916" errors="0">
  <testcase name="tc001" time="11.916" classname="org.web.automation.testcases.TC_007_Registration_FetchData_FromBrowser"/>
</testsuite> <!-- org.web.automation.testcases.TC_007_Registration_FetchData_FromBrowser -->
