<?xml version="1.0" encoding="UTF-8"?>
<!-- Generated by org.testng.reporters.JUnitReportReporter -->
<testsuite hostname="LAPTOP-7S7K48R8" name="org.web.automation.testcases.TC_008_Keyboard_Mouse2" tests="1" failures="0" timestamp="15 May 2020 11:40:57 GMT" time="31.702" errors="0">
  <testcase name="tc001" time="31.702" classname="org.web.automation.testcases.TC_008_Keyboard_Mouse2"/>
</testsuite> <!-- org.web.automation.testcases.TC_008_Keyboard_Mouse2 -->
