<?xml version="1.0" encoding="UTF-8"?>
<!-- Generated by org.testng.reporters.JUnitReportReporter -->
<testsuite hostname="LAPTOP-7S7K48R8" name="org.web.automation.testcases.TC_012_Keyboard_And_MouseOperation" tests="1" failures="0" timestamp="17 May 2020 12:18:11 GMT" time="18.367" errors="0">
  <testcase name="tc001" time="18.367" classname="org.web.automation.testcases.TC_012_Keyboard_And_MouseOperation"/>
</testsuite> <!-- org.web.automation.testcases.TC_012_Keyboard_And_MouseOperation -->
