<?xml version="1.0" encoding="UTF-8"?>
<!-- Generated by org.testng.reporters.JUnitReportReporter -->
<testsuite hostname="LAPTOP-7S7K48R8" name="org.web.automation.testcases.TC_009_Facebook_Login_Keyboard_Multiple" tests="1" failures="0" timestamp="17 May 2020 11:50:46 GMT" time="10.916" errors="0">
  <testcase name="tc001" time="10.916" classname="org.web.automation.testcases.TC_009_Facebook_Login_Keyboard_Multiple"/>
</testsuite> <!-- org.web.automation.testcases.TC_009_Facebook_Login_Keyboard_Multiple -->
