<?xml version="1.0" encoding="UTF-8"?>
<!-- Generated by org.testng.reporters.JUnitReportReporter -->
<testsuite hostname="LAPTOP-7S7K48R8" name="org.web.automation.testcases.TC_005_Registration_Radio_Checkbox" tests="1" failures="0" timestamp="17 May 2020 12:15:15 GMT" time="11.357" errors="0">
  <testcase name="tc001" time="11.357" classname="org.web.automation.testcases.TC_005_Registration_Radio_Checkbox"/>
</testsuite> <!-- org.web.automation.testcases.TC_005_Registration_Radio_Checkbox -->
