<?xml version="1.0" encoding="UTF-8"?>
<!-- Generated by org.testng.reporters.JUnitReportReporter -->
<testsuite hostname="LAPTOP-7S7K48R8" name="org.web.automation.testcases.TC_003_Registration_TextBoxes" tests="1" failures="0" timestamp="17 May 2020 12:14:35 GMT" time="9.076" errors="0">
  <testcase name="tc001" time="9.076" classname="org.web.automation.testcases.TC_003_Registration_TextBoxes"/>
</testsuite> <!-- org.web.automation.testcases.TC_003_Registration_TextBoxes -->
