<?xml version="1.0" encoding="UTF-8"?>
<!-- Generated by org.testng.reporters.JUnitReportReporter -->
<testsuite hostname="LAPTOP-7S7K48R8" name="org.web.automation.testcases.TC_001_Registration_Functionality" tests="1" failures="0" timestamp="17 May 2020 12:14:03 GMT" time="11.614" errors="0">
  <testcase name="tc001" time="11.614" classname="org.web.automation.testcases.TC_001_Registration_Functionality"/>
</testsuite> <!-- org.web.automation.testcases.TC_001_Registration_Functionality -->
