<?xml version="1.0" encoding="UTF-8"?>
<!-- Generated by org.testng.reporters.JUnitReportReporter -->
<testsuite hostname="LAPTOP-7S7K48R8" name="org.web.automation.testcases.TC_001_Registration_User" tests="1" failures="0" timestamp="10 May 2020 03:19:28 GMT" time="6.380" errors="0">
  <testcase name="tc_001" time="6.380" classname="org.web.automation.testcases.TC_001_Registration_User"/>
</testsuite> <!-- org.web.automation.testcases.TC_001_Registration_User -->
